2026-03-19 12:46:33,145  INFO      NAP Hub P+R parkoló monitor indul. [EGYSZERI MÓD]
2026-03-19 12:46:33,145  INFO      Statikus feed : https://napphub.kozut.hu/hub-web//datex2/2_3/a0db40f1-6bc2-4059-853a-64eb91a45e9c/getDatex2Data
2026-03-19 12:46:33,145  INFO      Dinamikus feed: https://napphub.kozut.hu/hub-web//datex2/2_3/7b21743f-fd9f-43d1-9b5e-77e3eb714c06/getDatex2Data
2026-03-19 12:46:33,145  INFO      === Lekérdezés indul ===
2026-03-19 12:46:49,133  INFO      Statikus adatok: 16 parkoló beolvasva.
2026-03-19 12:46:55,120  INFO      Dinamikus adatok: 0 parkoló beolvasva.
2026-03-19 12:46:55,121  INFO      JSON mentve: parking_data.json (16 rekord)
2026-03-19 12:46:55,141  INFO      Excel frissítve: parking_log.xlsx (16 sor)
2026-03-19 12:50:29,124  INFO      NAP Hub P+R parkoló monitor indul. [EGYSZERI MÓD]
2026-03-19 12:50:29,124  INFO      Statikus feed : https://napphub.kozut.hu/hub-web//datex2/2_3/a0db40f1-6bc2-4059-853a-64eb91a45e9c/getDatex2Data
2026-03-19 12:50:29,124  INFO      Dinamikus feed: https://napphub.kozut.hu/hub-web//datex2/2_3/7b21743f-fd9f-43d1-9b5e-77e3eb714c06/getDatex2Data
2026-03-19 12:50:29,125  INFO      === Lekérdezés indul ===
2026-03-19 12:50:36,278  INFO      Statikus adatok: 16 parkoló beolvasva.
2026-03-19 12:50:37,095  INFO      Dinamikus adatok: 16 parkoló beolvasva.
2026-03-19 12:50:37,096  INFO      JSON mentve: parking_data.json (16 rekord)
2026-03-19 12:50:37,127  INFO      Excel frissítve: parking_log.xlsx (32 sor)
2026-03-19 13:58:15,923  INFO      NAP Hub P+R parkoló monitor indul. [EGYSZERI MÓD]
2026-03-19 13:58:15,923  INFO      Statikus feed : https://napphub.kozut.hu/hub-web//datex2/2_3/a0db40f1-6bc2-4059-853a-64eb91a45e9c/getDatex2Data
2026-03-19 13:58:15,923  INFO      Dinamikus feed: https://napphub.kozut.hu/hub-web//datex2/2_3/7b21743f-fd9f-43d1-9b5e-77e3eb714c06/getDatex2Data
2026-03-19 13:58:15,923  INFO      === Lekérdezés indul ===
2026-03-19 13:58:23,061  INFO      Statikus adatok: 16 parkoló beolvasva.
2026-03-19 13:58:28,976  INFO      Dinamikus adatok: 16 parkoló beolvasva.
2026-03-19 13:58:28,977  INFO      JSON mentve: parking_data.json (16 rekord)
2026-03-19 13:58:28,986  INFO      Változás – Újpest P+R parkoló [P031]: +4 (volt: 3, most: 7)
2026-03-19 13:58:28,987  INFO      Változás – Kőbánya-Kispest P+R parkoló [P051]: +4 (volt: 12, most: 16)
2026-03-19 13:58:28,988  INFO      Változás – KÖKI Terminál P+R parkolóház [P061]: +10 (volt: 55, most: 65)
2026-03-19 13:58:28,990  INFO      Változás – Rákóczi tér mélygarázs [P071]: +6 (volt: 16, most: 22)
2026-03-19 13:58:28,991  INFO      Változás – Etele P1 P+R parkoló [P101]: +12 (volt: 3, most: 15)
2026-03-19 13:58:28,992  INFO      Változás – Etele P2 P+R parkoló [P111]: +10 (volt: 5, most: 15)
2026-03-19 13:58:28,994  INFO      Változás – Őrmező P1 P+R parkoló [P121]: +19 (volt: 5, most: 24)
2026-03-19 13:58:28,995  INFO      Változás – Őrmező P2 P+R parkoló [P131]: +13 (volt: 0, most: 13)
2026-03-19 13:58:28,997  INFO      Változás – Pillangó utca (Albertirsai út) [P141]: +4 (volt: 2, most: 6)
2026-03-19 13:58:28,998  INFO      Változás – Pillangó utca (Metró bejárat) [P151]: +1 (volt: 0, most: 1)
2026-03-19 13:58:28,999  INFO      Változás – Margitsziget északi fizető parkoló [P171]: -2 (volt: 208, most: 206)
2026-03-19 13:58:29,001  INFO      Változás – Örs vezér tere [P191]: +9 (volt: 0, most: 9)
2026-03-19 13:58:29,004  INFO      Változás – Csepel P+R [P211]: +4 (volt: 1, most: 5)
2026-03-19 13:58:29,005  INFO      Változás – Cinkota P+R parkoló (Ostoros út) [P221]: +2 (volt: 11, most: 13)
2026-03-19 13:58:29,006  INFO      Változás – Múzeum Mélygarázs [P251]: +17 (volt: 294, most: 311)
2026-03-19 13:58:29,018  INFO      Excel frissítve: parking_log.xlsx (48 sor)
2026-03-19 14:43:33,614  INFO      NAP Hub P+R parkoló monitor indul. [EGYSZERI MÓD]
2026-03-19 14:43:33,614  INFO      Statikus feed : https://napphub.kozut.hu/hub-web//datex2/2_3/a0db40f1-6bc2-4059-853a-64eb91a45e9c/getDatex2Data
2026-03-19 14:43:33,614  INFO      Dinamikus feed: https://napphub.kozut.hu/hub-web//datex2/2_3/7b21743f-fd9f-43d1-9b5e-77e3eb714c06/getDatex2Data
2026-03-19 14:43:33,614  INFO      === Lekérdezés indul ===
2026-03-19 14:43:43,631  ERROR     Letöltési hiba (https://napphub.kozut.hu/hub-web//datex2/2_3/a0db40f1-6bc2-4059-853a-64eb91a45e9c/getDatex2Data): HTTPSConnectionPool(host='napphub.kozut.hu', port=443): Max retries exceeded with url: /hub-web//datex2/2_3/a0db40f1-6bc2-4059-853a-64eb91a45e9c/getDatex2Data (Caused by NameResolutionError("HTTPSConnection(host='napphub.kozut.hu', port=443): Failed to resolve 'napphub.kozut.hu' ([Errno -3] Temporary failure in name resolution)"))
2026-03-19 14:43:43,631  WARNING   Statikus feed nem elérhető, üres kapacitásokkal folytatjuk.
2026-03-19 14:43:58,646  ERROR     Letöltési hiba (https://napphub.kozut.hu/hub-web//datex2/2_3/7b21743f-fd9f-43d1-9b5e-77e3eb714c06/getDatex2Data): HTTPSConnectionPool(host='napphub.kozut.hu', port=443): Max retries exceeded with url: /hub-web//datex2/2_3/7b21743f-fd9f-43d1-9b5e-77e3eb714c06/getDatex2Data (Caused by NameResolutionError("HTTPSConnection(host='napphub.kozut.hu', port=443): Failed to resolve 'napphub.kozut.hu' ([Errno -3] Temporary failure in name resolution)"))
2026-03-19 14:43:58,647  WARNING   Dinamikus feed nem elérhető, kihagyás.
2026-03-19 15:37:09,534  INFO      NAP Hub P+R parkoló monitor indul. [EGYSZERI MÓD]
2026-03-19 15:37:09,534  INFO      Statikus feed : https://napphub.kozut.hu/hub-web//datex2/2_3/a0db40f1-6bc2-4059-853a-64eb91a45e9c/getDatex2Data
2026-03-19 15:37:09,534  INFO      Dinamikus feed: https://napphub.kozut.hu/hub-web//datex2/2_3/7b21743f-fd9f-43d1-9b5e-77e3eb714c06/getDatex2Data
2026-03-19 15:37:09,534  INFO      === Lekérdezés indul ===
2026-03-19 15:37:14,145  INFO      Statikus adatok: 16 parkoló beolvasva.
2026-03-19 15:37:15,225  INFO      Dinamikus adatok: 16 parkoló beolvasva.
2026-03-19 15:37:15,225  INFO      JSON mentve: parking_data.json (16 rekord)
2026-03-19 15:37:15,236  INFO      Változás – Újpest P+R parkoló [P031]: +37 (volt: 7, most: 44)
2026-03-19 15:37:15,238  INFO      Változás – Kőbánya-Kispest P+R parkoló [P051]: +35 (volt: 16, most: 51)
2026-03-19 15:37:15,240  INFO      Változás – KÖKI Terminál P+R parkolóház [P061]: +47 (volt: 65, most: 112)
2026-03-19 15:37:15,241  INFO      Változás – Rákóczi tér mélygarázs [P071]: +10 (volt: 22, most: 32)
2026-03-19 15:37:15,243  INFO      Változás – Etele P1 P+R parkoló [P101]: +33 (volt: 15, most: 48)
2026-03-19 15:37:15,246  INFO      Változás – Etele P2 P+R parkoló [P111]: +46 (volt: 15, most: 61)
2026-03-19 15:37:15,248  INFO      Változás – Őrmező P1 P+R parkoló [P121]: +92 (volt: 24, most: 116)
2026-03-19 15:37:15,250  INFO      Változás – Őrmező P2 P+R parkoló [P131]: +95 (volt: 13, most: 108)
2026-03-19 15:37:15,251  INFO      Változás – Pillangó utca (Albertirsai út) [P141]: +10 (volt: 6, most: 16)
2026-03-19 15:37:15,253  INFO      Változás – Pillangó utca (Metró bejárat) [P151]: +8 (volt: 1, most: 9)
2026-03-19 15:37:15,255  INFO      Változás – Margitsziget északi fizető parkoló [P171]: -17 (volt: 206, most: 189)
2026-03-19 15:37:15,256  INFO      Változás – Örs vezér tere [P191]: +53 (volt: 9, most: 62)
2026-03-19 15:37:15,259  INFO      Változás – Csepel P+R [P211]: -4 (volt: 5, most: 1)
2026-03-19 15:37:15,261  INFO      Változás – Cinkota P+R parkoló (Ostoros út) [P221]: +5 (volt: 13, most: 18)
2026-03-19 15:37:15,262  INFO      Változás – Múzeum Mélygarázs [P251]: +56 (volt: 311, most: 367)
2026-03-19 15:37:15,276  INFO      Excel frissítve: parking_log.xlsx (64 sor)
2026-03-19 16:36:03,943  INFO      NAP Hub P+R parkoló monitor indul. [EGYSZERI MÓD]
2026-03-19 16:36:03,943  INFO      Statikus feed : https://napphub.kozut.hu/hub-web//datex2/2_3/a0db40f1-6bc2-4059-853a-64eb91a45e9c/getDatex2Data
2026-03-19 16:36:03,943  INFO      Dinamikus feed: https://napphub.kozut.hu/hub-web//datex2/2_3/7b21743f-fd9f-43d1-9b5e-77e3eb714c06/getDatex2Data
2026-03-19 16:36:03,943  INFO      === Lekérdezés indul ===
2026-03-19 16:36:25,832  INFO      Statikus adatok: 16 parkoló beolvasva.
2026-03-19 16:36:31,566  INFO      Dinamikus adatok: 16 parkoló beolvasva.
2026-03-19 16:36:31,567  INFO      JSON mentve: parking_data.json (16 rekord)
2026-03-19 16:36:31,580  INFO      Változás – Újpest P+R parkoló [P031]: +18 (volt: 44, most: 62)
2026-03-19 16:36:31,582  INFO      Változás – Kőbánya-Kispest P+R parkoló [P051]: +20 (volt: 51, most: 71)
2026-03-19 16:36:31,584  INFO      Változás – KÖKI Terminál P+R parkolóház [P061]: +42 (volt: 112, most: 154)
2026-03-19 16:36:31,585  INFO      Változás – Rákóczi tér mélygarázs [P071]: +3 (volt: 32, most: 35)
2026-03-19 16:36:31,588  INFO      Változás – Etele P1 P+R parkoló [P101]: +29 (volt: 48, most: 77)
2026-03-19 16:36:31,590  INFO      Változás – Etele P2 P+R parkoló [P111]: +29 (volt: 61, most: 90)
2026-03-19 16:36:31,591  INFO      Változás – Őrmező P1 P+R parkoló [P121]: +91 (volt: 116, most: 207)
2026-03-19 16:36:31,593  INFO      Változás – Őrmező P2 P+R parkoló [P131]: +81 (volt: 108, most: 189)
2026-03-19 16:36:31,595  INFO      Változás – Pillangó utca (Albertirsai út) [P141]: +18 (volt: 16, most: 34)
2026-03-19 16:36:31,596  INFO      Változás – Pillangó utca (Metró bejárat) [P151]: +2 (volt: 9, most: 11)
2026-03-19 16:36:31,598  INFO      Változás – Margitsziget északi fizető parkoló [P171]: -16 (volt: 189, most: 173)
2026-03-19 16:36:31,600  INFO      Változás – Örs vezér tere [P191]: +32 (volt: 62, most: 94)
2026-03-19 16:36:31,603  INFO      Változás – Csepel P+R [P211]: +1 (volt: 1, most: 2)
2026-03-19 16:36:31,605  INFO      Változás – Cinkota P+R parkoló (Ostoros út) [P221]: +8 (volt: 18, most: 26)
2026-03-19 16:36:31,606  INFO      Változás – Múzeum Mélygarázs [P251]: +23 (volt: 367, most: 390)
2026-03-19 16:36:31,622  INFO      Excel frissítve: parking_log.xlsx (80 sor)
2026-03-19 17:36:45,091  INFO      NAP Hub P+R parkoló monitor indul. [EGYSZERI MÓD]
2026-03-19 17:36:45,092  INFO      Statikus feed : https://napphub.kozut.hu/hub-web//datex2/2_3/a0db40f1-6bc2-4059-853a-64eb91a45e9c/getDatex2Data
2026-03-19 17:36:45,092  INFO      Dinamikus feed: https://napphub.kozut.hu/hub-web//datex2/2_3/7b21743f-fd9f-43d1-9b5e-77e3eb714c06/getDatex2Data
2026-03-19 17:36:45,092  INFO      === Lekérdezés indul ===
2026-03-19 17:37:02,103  INFO      Statikus adatok: 16 parkoló beolvasva.
2026-03-19 17:37:07,980  INFO      Dinamikus adatok: 16 parkoló beolvasva.
2026-03-19 17:37:07,981  INFO      JSON mentve: parking_data.json (16 rekord)
2026-03-19 17:37:07,995  INFO      Változás – Újpest P+R parkoló [P031]: +15 (volt: 62, most: 77)
2026-03-19 17:37:07,997  INFO      Változás – Kőbánya-Kispest P+R parkoló [P051]: +24 (volt: 71, most: 95)
2026-03-19 17:37:07,999  INFO      Változás – KÖKI Terminál P+R parkolóház [P061]: +54 (volt: 154, most: 208)
2026-03-19 17:37:08,000  INFO      Változás – Rákóczi tér mélygarázs [P071]: +1 (volt: 35, most: 36)
2026-03-19 17:37:08,002  INFO      Változás – Etele P1 P+R parkoló [P101]: +34 (volt: 77, most: 111)
2026-03-19 17:37:08,004  INFO      Változás – Etele P2 P+R parkoló [P111]: +53 (volt: 90, most: 143)
2026-03-19 17:37:08,006  INFO      Változás – Őrmező P1 P+R parkoló [P121]: +47 (volt: 207, most: 254)
2026-03-19 17:37:08,008  INFO      Változás – Őrmező P2 P+R parkoló [P131]: +80 (volt: 189, most: 269)
2026-03-19 17:37:08,009  INFO      Változás – Pillangó utca (Albertirsai út) [P141]: +17 (volt: 34, most: 51)
2026-03-19 17:37:08,011  INFO      Változás – Pillangó utca (Metró bejárat) [P151]: -1 (volt: 11, most: 10)
2026-03-19 17:37:08,013  INFO      Változás – Margitsziget északi fizető parkoló [P171]: +5 (volt: 173, most: 178)
2026-03-19 17:37:08,015  INFO      Változás – Örs vezér tere [P191]: +11 (volt: 94, most: 105)
2026-03-19 17:37:08,018  INFO      Változás – Csepel P+R [P211]: +6 (volt: 2, most: 8)
2026-03-19 17:37:08,020  INFO      Változás – Cinkota P+R parkoló (Ostoros út) [P221]: +9 (volt: 26, most: 35)
2026-03-19 17:37:08,022  INFO      Változás – Múzeum Mélygarázs [P251]: +24 (volt: 390, most: 414)
2026-03-19 17:37:08,039  INFO      Excel frissítve: parking_log.xlsx (96 sor)
2026-03-19 18:29:58,546  INFO      NAP Hub P+R parkoló monitor indul. [EGYSZERI MÓD]
2026-03-19 18:29:58,547  INFO      Statikus feed : https://napphub.kozut.hu/hub-web//datex2/2_3/a0db40f1-6bc2-4059-853a-64eb91a45e9c/getDatex2Data
2026-03-19 18:29:58,547  INFO      Dinamikus feed: https://napphub.kozut.hu/hub-web//datex2/2_3/7b21743f-fd9f-43d1-9b5e-77e3eb714c06/getDatex2Data
2026-03-19 18:29:58,547  INFO      === Lekérdezés indul ===
2026-03-19 18:30:08,565  ERROR     Letöltési hiba (https://napphub.kozut.hu/hub-web//datex2/2_3/a0db40f1-6bc2-4059-853a-64eb91a45e9c/getDatex2Data): HTTPSConnectionPool(host='napphub.kozut.hu', port=443): Max retries exceeded with url: /hub-web//datex2/2_3/a0db40f1-6bc2-4059-853a-64eb91a45e9c/getDatex2Data (Caused by NameResolutionError("HTTPSConnection(host='napphub.kozut.hu', port=443): Failed to resolve 'napphub.kozut.hu' ([Errno -3] Temporary failure in name resolution)"))
2026-03-19 18:30:08,565  WARNING   Statikus feed nem elérhető, üres kapacitásokkal folytatjuk.
2026-03-19 18:30:23,583  ERROR     Letöltési hiba (https://napphub.kozut.hu/hub-web//datex2/2_3/7b21743f-fd9f-43d1-9b5e-77e3eb714c06/getDatex2Data): HTTPSConnectionPool(host='napphub.kozut.hu', port=443): Max retries exceeded with url: /hub-web//datex2/2_3/7b21743f-fd9f-43d1-9b5e-77e3eb714c06/getDatex2Data (Caused by NameResolutionError("HTTPSConnection(host='napphub.kozut.hu', port=443): Failed to resolve 'napphub.kozut.hu' ([Errno -3] Temporary failure in name resolution)"))
2026-03-19 18:30:23,583  WARNING   Dinamikus feed nem elérhető, kihagyás.
2026-03-19 19:28:05,593  INFO      NAP Hub P+R parkoló monitor indul. [EGYSZERI MÓD]
2026-03-19 19:28:05,594  INFO      Statikus feed : https://napphub.kozut.hu/hub-web//datex2/2_3/a0db40f1-6bc2-4059-853a-64eb91a45e9c/getDatex2Data
2026-03-19 19:28:05,594  INFO      Dinamikus feed: https://napphub.kozut.hu/hub-web//datex2/2_3/7b21743f-fd9f-43d1-9b5e-77e3eb714c06/getDatex2Data
2026-03-19 19:28:05,594  INFO      === Lekérdezés indul ===
2026-03-19 19:28:20,623  ERROR     Letöltési hiba (https://napphub.kozut.hu/hub-web//datex2/2_3/a0db40f1-6bc2-4059-853a-64eb91a45e9c/getDatex2Data): HTTPSConnectionPool(host='napphub.kozut.hu', port=443): Max retries exceeded with url: /hub-web//datex2/2_3/a0db40f1-6bc2-4059-853a-64eb91a45e9c/getDatex2Data (Caused by NameResolutionError("HTTPSConnection(host='napphub.kozut.hu', port=443): Failed to resolve 'napphub.kozut.hu' ([Errno -3] Temporary failure in name resolution)"))
2026-03-19 19:28:20,623  WARNING   Statikus feed nem elérhető, üres kapacitásokkal folytatjuk.
2026-03-19 19:28:22,639  INFO      Dinamikus adatok: 16 parkoló beolvasva.
2026-03-19 19:28:22,640  INFO      JSON mentve: parking_data.json (16 rekord)
2026-03-19 19:28:22,698  INFO      Excel frissítve: parking_log.xlsx (112 sor)
2026-03-19 19:59:07,593  INFO      NAP Hub P+R parkoló monitor indul. [EGYSZERI MÓD]
2026-03-19 19:59:07,593  INFO      Statikus feed : https://napphub.kozut.hu/hub-web//datex2/2_3/a0db40f1-6bc2-4059-853a-64eb91a45e9c/getDatex2Data
2026-03-19 19:59:07,593  INFO      Dinamikus feed: https://napphub.kozut.hu/hub-web//datex2/2_3/7b21743f-fd9f-43d1-9b5e-77e3eb714c06/getDatex2Data
2026-03-19 19:59:07,593  INFO      === Lekérdezés indul ===
2026-03-19 19:59:22,631  ERROR     Letöltési hiba (https://napphub.kozut.hu/hub-web//datex2/2_3/a0db40f1-6bc2-4059-853a-64eb91a45e9c/getDatex2Data): HTTPSConnectionPool(host='napphub.kozut.hu', port=443): Max retries exceeded with url: /hub-web//datex2/2_3/a0db40f1-6bc2-4059-853a-64eb91a45e9c/getDatex2Data (Caused by NameResolutionError("HTTPSConnection(host='napphub.kozut.hu', port=443): Failed to resolve 'napphub.kozut.hu' ([Errno -3] Temporary failure in name resolution)"))
2026-03-19 19:59:22,631  WARNING   Statikus feed nem elérhető, üres kapacitásokkal folytatjuk.
2026-03-19 19:59:32,651  ERROR     Letöltési hiba (https://napphub.kozut.hu/hub-web//datex2/2_3/7b21743f-fd9f-43d1-9b5e-77e3eb714c06/getDatex2Data): HTTPSConnectionPool(host='napphub.kozut.hu', port=443): Max retries exceeded with url: /hub-web//datex2/2_3/7b21743f-fd9f-43d1-9b5e-77e3eb714c06/getDatex2Data (Caused by NameResolutionError("HTTPSConnection(host='napphub.kozut.hu', port=443): Failed to resolve 'napphub.kozut.hu' ([Errno -3] Temporary failure in name resolution)"))
2026-03-19 19:59:32,651  WARNING   Dinamikus feed nem elérhető, kihagyás.
2026-03-19 20:37:10,324  INFO      NAP Hub P+R parkoló monitor indul. [EGYSZERI MÓD]
2026-03-19 20:37:10,324  INFO      Statikus feed : https://napphub.kozut.hu/hub-web//datex2/2_3/a0db40f1-6bc2-4059-853a-64eb91a45e9c/getDatex2Data
2026-03-19 20:37:10,324  INFO      Dinamikus feed: https://napphub.kozut.hu/hub-web//datex2/2_3/7b21743f-fd9f-43d1-9b5e-77e3eb714c06/getDatex2Data
2026-03-19 20:37:10,324  INFO      === Lekérdezés indul ===
2026-03-19 20:37:21,877  INFO      Statikus adatok: 16 parkoló beolvasva.
2026-03-19 20:37:31,895  INFO      Dinamikus adatok: 16 parkoló beolvasva.
2026-03-19 20:37:31,896  INFO      JSON mentve: parking_data.json (16 rekord)
2026-03-19 20:37:31,912  INFO      Változás – Újpest P+R parkoló [P031]: +13 (volt: 77, most: 90)
2026-03-19 20:37:31,914  INFO      Változás – Kőbánya-Kispest P+R parkoló [P051]: +69 (volt: 95, most: 164)
2026-03-19 20:37:31,916  INFO      Változás – KÖKI Terminál P+R parkolóház [P061]: +67 (volt: 208, most: 275)
2026-03-19 20:37:31,918  INFO      Változás – Rákóczi tér mélygarázs [P071]: -6 (volt: 36, most: 30)
2026-03-19 20:37:31,919  INFO      Változás – Etele P1 P+R parkoló [P101]: +87 (volt: 111, most: 198)
2026-03-19 20:37:31,921  INFO      Változás – Etele P2 P+R parkoló [P111]: +46 (volt: 143, most: 189)
2026-03-19 20:37:31,923  INFO      Változás – Őrmező P1 P+R parkoló [P121]: +135 (volt: 254, most: 389)
2026-03-19 20:37:31,925  INFO      Változás – Őrmező P2 P+R parkoló [P131]: +123 (volt: 269, most: 392)
2026-03-19 20:37:31,927  INFO      Változás – Pillangó utca (Albertirsai út) [P141]: +15 (volt: 51, most: 66)
2026-03-19 20:37:31,929  INFO      Változás – Pillangó utca (Metró bejárat) [P151]: +16 (volt: 10, most: 26)
2026-03-19 20:37:31,931  INFO      Változás – Margitsziget északi fizető parkoló [P171]: +63 (volt: 178, most: 241)
2026-03-19 20:37:31,933  INFO      Változás – Örs vezér tere [P191]: +97 (volt: 105, most: 202)
2026-03-19 20:37:31,937  INFO      Változás – Csepel P+R [P211]: +10 (volt: 8, most: 18)
2026-03-19 20:37:31,939  INFO      Változás – Cinkota P+R parkoló (Ostoros út) [P221]: +8 (volt: 35, most: 43)
2026-03-19 20:37:31,941  INFO      Változás – Múzeum Mélygarázs [P251]: +16 (volt: 414, most: 430)
2026-03-19 20:37:31,961  INFO      Excel frissítve: parking_log.xlsx (128 sor)
2026-03-19 21:06:21,348  INFO      NAP Hub P+R parkoló monitor indul. [EGYSZERI MÓD]
2026-03-19 21:06:21,348  INFO      Statikus feed : https://napphub.kozut.hu/hub-web//datex2/2_3/a0db40f1-6bc2-4059-853a-64eb91a45e9c/getDatex2Data
2026-03-19 21:06:21,348  INFO      Dinamikus feed: https://napphub.kozut.hu/hub-web//datex2/2_3/7b21743f-fd9f-43d1-9b5e-77e3eb714c06/getDatex2Data
2026-03-19 21:06:21,348  INFO      === Lekérdezés indul ===
2026-03-19 21:06:31,365  ERROR     Letöltési hiba (https://napphub.kozut.hu/hub-web//datex2/2_3/a0db40f1-6bc2-4059-853a-64eb91a45e9c/getDatex2Data): HTTPSConnectionPool(host='napphub.kozut.hu', port=443): Max retries exceeded with url: /hub-web//datex2/2_3/a0db40f1-6bc2-4059-853a-64eb91a45e9c/getDatex2Data (Caused by NameResolutionError("HTTPSConnection(host='napphub.kozut.hu', port=443): Failed to resolve 'napphub.kozut.hu' ([Errno -3] Temporary failure in name resolution)"))
2026-03-19 21:06:31,365  WARNING   Statikus feed nem elérhető, üres kapacitásokkal folytatjuk.
2026-03-19 21:06:41,381  ERROR     Letöltési hiba (https://napphub.kozut.hu/hub-web//datex2/2_3/7b21743f-fd9f-43d1-9b5e-77e3eb714c06/getDatex2Data): HTTPSConnectionPool(host='napphub.kozut.hu', port=443): Max retries exceeded with url: /hub-web//datex2/2_3/7b21743f-fd9f-43d1-9b5e-77e3eb714c06/getDatex2Data (Caused by NameResolutionError("HTTPSConnection(host='napphub.kozut.hu', port=443): Failed to resolve 'napphub.kozut.hu' ([Errno -3] Temporary failure in name resolution)"))
2026-03-19 21:06:41,381  WARNING   Dinamikus feed nem elérhető, kihagyás.
2026-03-19 21:47:22,104  INFO      NAP Hub P+R parkoló monitor indul. [EGYSZERI MÓD]
2026-03-19 21:47:22,104  INFO      Statikus feed : https://napphub.kozut.hu/hub-web//datex2/2_3/a0db40f1-6bc2-4059-853a-64eb91a45e9c/getDatex2Data
2026-03-19 21:47:22,104  INFO      Dinamikus feed: https://napphub.kozut.hu/hub-web//datex2/2_3/7b21743f-fd9f-43d1-9b5e-77e3eb714c06/getDatex2Data
2026-03-19 21:47:22,104  INFO      === Lekérdezés indul ===
2026-03-19 21:47:32,117  ERROR     Letöltési hiba (https://napphub.kozut.hu/hub-web//datex2/2_3/a0db40f1-6bc2-4059-853a-64eb91a45e9c/getDatex2Data): HTTPSConnectionPool(host='napphub.kozut.hu', port=443): Max retries exceeded with url: /hub-web//datex2/2_3/a0db40f1-6bc2-4059-853a-64eb91a45e9c/getDatex2Data (Caused by NameResolutionError("HTTPSConnection(host='napphub.kozut.hu', port=443): Failed to resolve 'napphub.kozut.hu' ([Errno -3] Temporary failure in name resolution)"))
2026-03-19 21:47:32,118  WARNING   Statikus feed nem elérhető, üres kapacitásokkal folytatjuk.
2026-03-19 21:47:42,129  ERROR     Letöltési hiba (https://napphub.kozut.hu/hub-web//datex2/2_3/7b21743f-fd9f-43d1-9b5e-77e3eb714c06/getDatex2Data): HTTPSConnectionPool(host='napphub.kozut.hu', port=443): Max retries exceeded with url: /hub-web//datex2/2_3/7b21743f-fd9f-43d1-9b5e-77e3eb714c06/getDatex2Data (Caused by NameResolutionError("HTTPSConnection(host='napphub.kozut.hu', port=443): Failed to resolve 'napphub.kozut.hu' ([Errno -3] Temporary failure in name resolution)"))
2026-03-19 21:47:42,129  WARNING   Dinamikus feed nem elérhető, kihagyás.
